<?xml version="1.0" encoding="UTF-8"?>
<!-- Generated by org.testng.reporters.JUnitXMLReporter -->
<testsuite ignored="0" hostname="DESKTOP-LVT8GR2" failures="0" tests="3" name="Default test" time="31.735" errors="0" timestamp="2024-10-20T13:32:14 IST">
  <testcase classname="InterviewPractices.InterviewPractices.DataDrivenTesting" name="dataDriven" time="11.238"/>
  <testcase classname="InterviewPractices.InterviewPractices.DataDrivenTesting" name="dataDriven" time="9.384"/>
  <testcase classname="InterviewPractices.InterviewPractices.DataDrivenTesting" name="dataDriven" time="9.052"/>
</testsuite> <!-- Default test -->
