<?xml version="1.0" encoding="UTF-8"?>
<testng-results ignored="0" total="3" passed="3" failed="0" skipped="0">
  <reporter-output>
  </reporter-output>
  <suite started-at="2024-10-20T13:31:42 IST" name="Default suite" finished-at="2024-10-20T13:32:14 IST" duration-ms="31735">
    <groups>
    </groups>
    <test started-at="2024-10-20T13:31:42 IST" name="Default test" finished-at="2024-10-20T13:32:14 IST" duration-ms="31735">
      <class name="InterviewPractices.InterviewPractices.DataDrivenTesting">
        <test-method signature="dataDriven(java.lang.String,java.lang.String)[pri:0, instance:InterviewPractices.InterviewPractices.DataDrivenTesting@298a5e20]" started-at="2024-10-20T13:31:44 IST" name="dataDriven" data-provider="loginData" finished-at="2024-10-20T13:31:55 IST" duration-ms="11238" status="PASS">
          <params>
            <param index="0">
              <value>
                <![CDATA[7989503851]]>
              </value>
            </param>
            <param index="1">
              <value>
                <![CDATA[1234567]]>
              </value>
            </param>
          </params>
          <reporter-output>
          </reporter-output>
        </test-method> <!-- dataDriven -->
        <test-method signature="dataDriven(java.lang.String,java.lang.String)[pri:0, instance:InterviewPractices.InterviewPractices.DataDrivenTesting@298a5e20]" started-at="2024-10-20T13:31:55 IST" name="dataDriven" data-provider="loginData" finished-at="2024-10-20T13:32:05 IST" duration-ms="9384" status="PASS">
          <params>
            <param index="0">
              <value>
                <![CDATA[7989503851]]>
              </value>
            </param>
            <param index="1">
              <value>
                <![CDATA[12345]]>
              </value>
            </param>
          </params>
          <reporter-output>
          </reporter-output>
        </test-method> <!-- dataDriven -->
        <test-method signature="dataDriven(java.lang.String,java.lang.String)[pri:0, instance:InterviewPractices.InterviewPractices.DataDrivenTesting@298a5e20]" started-at="2024-10-20T13:32:05 IST" name="dataDriven" data-provider="loginData" finished-at="2024-10-20T13:32:14 IST" duration-ms="9052" status="PASS">
          <params>
            <param index="0">
              <value>
                <![CDATA[9505209083]]>
              </value>
            </param>
            <param index="1">
              <value>
                <![CDATA[123456]]>
              </value>
            </param>
          </params>
          <reporter-output>
          </reporter-output>
        </test-method> <!-- dataDriven -->
      </class> <!-- InterviewPractices.InterviewPractices.DataDrivenTesting -->
    </test> <!-- Default test -->
  </suite> <!-- Default suite -->
</testng-results>
